  ManagementAPP.c
D:\Code\C\Restaurant Management System\Restaurant Management System\Source File\ManagementAPP.h(1,1): warning C4819: 该文件包含不能在当前代码页(936)中表示的字符。请将该文件保存为 Unicode 格式以防止数据丢失
  (编译源文件“Source%20File/ManagementAPP.c”)
  
D:\Code\C\Restaurant Management System\Restaurant Management System\Source File\DoubleList.h(1,1): warning C4819: 该文件包含不能在当前代码页(936)中表示的字符。请将该文件保存为 Unicode 格式以防止数据丢失
  (编译源文件“Source%20File/ManagementAPP.c”)
  
D:\Code\C\Restaurant Management System\Restaurant Management System\Source File\DSMUtil.h(1,1): warning C4819: 该文件包含不能在当前代码页(936)中表示的字符。请将该文件保存为 Unicode 格式以防止数据丢失
  (编译源文件“Source%20File/ManagementAPP.c”)
  
D:\Code\C\Restaurant Management System\Restaurant Management System\Source File\Administrator.h(1,1): warning C4819: 该文件包含不能在当前代码页(936)中表示的字符。请将该文件保存为 Unicode 格式以防止数据丢失
  (编译源文件“Source%20File/ManagementAPP.c”)
  
D:\Code\C\Restaurant Management System\Restaurant Management System\Source File\Client.h(1,1): warning C4819: 该文件包含不能在当前代码页(936)中表示的字符。请将该文件保存为 Unicode 格式以防止数据丢失
  (编译源文件“Source%20File/ManagementAPP.c”)
  
D:\Code\C\Restaurant Management System\Restaurant Management System\Source File\Order.h(1,1): warning C4819: 该文件包含不能在当前代码页(936)中表示的字符。请将该文件保存为 Unicode 格式以防止数据丢失
  (编译源文件“Source%20File/ManagementAPP.c”)
  
  LoginSystem.c
D:\Code\C\Restaurant Management System\Restaurant Management System\Source File\DoubleList.h(1,1): warning C4819: 该文件包含不能在当前代码页(936)中表示的字符。请将该文件保存为 Unicode 格式以防止数据丢失
  (编译源文件“Source%20File/LoginSystem.c”)
  
D:\Code\C\Restaurant Management System\Restaurant Management System\Source File\DSMUtil.h(1,1): warning C4819: 该文件包含不能在当前代码页(936)中表示的字符。请将该文件保存为 Unicode 格式以防止数据丢失
  (编译源文件“Source%20File/LoginSystem.c”)
  
D:\Code\C\Restaurant Management System\Restaurant Management System\Source File\ManagementAPP.h(1,1): warning C4819: 该文件包含不能在当前代码页(936)中表示的字符。请将该文件保存为 Unicode 格式以防止数据丢失
  (编译源文件“Source%20File/LoginSystem.c”)
  
D:\Code\C\Restaurant Management System\Restaurant Management System\Source File\Client.h(1,1): warning C4819: 该文件包含不能在当前代码页(936)中表示的字符。请将该文件保存为 Unicode 格式以防止数据丢失
  (编译源文件“Source%20File/LoginSystem.c”)
  
D:\Code\C\Restaurant Management System\Restaurant Management System\Source File\Administrator.h(1,1): warning C4819: 该文件包含不能在当前代码页(936)中表示的字符。请将该文件保存为 Unicode 格式以防止数据丢失
  (编译源文件“Source%20File/LoginSystem.c”)
  
D:\Code\C\Restaurant Management System\Restaurant Management System\Source File\LoginSystem.c(34,5): warning C4033: “ManagementAPPLogin”必须返回值
D:\Code\C\Restaurant Management System\Restaurant Management System\Source File\LoginSystem.c(155,32): warning C4022: “ListFindNode”: 指针与实参 2 不匹配
  正在生成代码...
D:\Code\C\Restaurant Management System\Restaurant Management System\Source File\LoginSystem.c(68): warning C4715: “ManagementAPPLogin”: 不是所有的控件路径都返回值
  Restaurant Management System.vcxproj -> D:\Code\C\Restaurant Management System\Build\bin\x64\Debug\Restaurant Management System.exe
