d:\code\c\restaurant management system\build\inter\restaurant management system\x64\debug\vc143.pdb
d:\code\c\restaurant management system\build\inter\restaurant management system\x64\debug\vc143.idb
d:\code\c\restaurant management system\build\inter\restaurant management system\x64\debug\foodinfo.obj
d:\code\c\restaurant management system\build\inter\restaurant management system\x64\debug\administrator.obj
d:\code\c\restaurant management system\build\inter\restaurant management system\x64\debug\doublelist.obj
d:\code\c\restaurant management system\build\inter\restaurant management system\x64\debug\client.obj
d:\code\c\restaurant management system\build\inter\restaurant management system\x64\debug\order.obj
d:\code\c\restaurant management system\build\inter\restaurant management system\x64\debug\managementapp.obj
d:\code\c\restaurant management system\build\inter\restaurant management system\x64\debug\loginsystem.obj
d:\code\c\restaurant management system\build\inter\restaurant management system\x64\debug\main.obj
d:\code\c\restaurant management system\build\bin\x64\debug\restaurant management system.exe
d:\code\c\restaurant management system\build\bin\x64\debug\restaurant management system.pdb
d:\code\c\restaurant management system\build\inter\restaurant management system\x64\debug\restaurant management system.ilk
d:\code\c\restaurant management system\build\inter\restaurant management system\x64\debug\restaurant management system.vcxproj.filelistabsolute.txt
d:\code\c\restaurant management system\build\inter\restaurant management system\x64\debug\restaura.413f4db1.tlog\cl.command.1.tlog
d:\code\c\restaurant management system\build\inter\restaurant management system\x64\debug\restaura.413f4db1.tlog\cl.items.tlog
d:\code\c\restaurant management system\build\inter\restaurant management system\x64\debug\restaura.413f4db1.tlog\cl.read.1.tlog
d:\code\c\restaurant management system\build\inter\restaurant management system\x64\debug\restaura.413f4db1.tlog\cl.write.1.tlog
d:\code\c\restaurant management system\build\inter\restaurant management system\x64\debug\restaura.413f4db1.tlog\link.command.1.tlog
d:\code\c\restaurant management system\build\inter\restaurant management system\x64\debug\restaura.413f4db1.tlog\link.read.1.tlog
d:\code\c\restaurant management system\build\inter\restaurant management system\x64\debug\restaura.413f4db1.tlog\link.secondary.1.tlog
d:\code\c\restaurant management system\build\inter\restaurant management system\x64\debug\restaura.413f4db1.tlog\link.write.1.tlog
